
X [*,*]
:          T1  T2  T3  T4  T5  T6  T7  T8  T9 T10 T11 T12 T13 T14 T15 T16 T17 :=
ARCH2110    0   0   0   1   0   0   0   0   0   0   0   0   0   0   0   0   0
ARCH2130    0   0   0   0   0   0   0   0   1   0   0   0   0   0   0   0   0
ARCH2330    0   1   0   0   0   0   0   0   0   0   0   0   0   0   0   0   0
ARCH2350    0   0   0   0   0   0   0   0   0   0   1   0   0   0   0   0   0
ARCH4140    0   0   0   0   0   0   0   1   0   0   0   0   0   0   0   0   0
ARCH4300    0   0   1   0   0   0   0   0   0   0   0   0   0   0   0   0   0
ARCH4300A   0   0   0   0   0   0   0   0   0   1   0   0   0   0   0   0   0
ARCH4330    1   0   0   0   0   0   0   0   0   0   0   0   0   0   0   0   0
ARCH4690    0   0   0   1   0   0   0   0   0   0   0   0   0   0   0   0   0
ARCH4931    0   0   0   0   1   0   0   0   0   0   0   0   0   0   0   0   0
ARCH4962    0   0   0   0   0   0   0   0   0   0   0   0   0   0   0   0   0
ARCH6840    0   0   0   0   0   0   0   0   0   0   0   0   0   0   0   0   1
ARTS1961    0   0   0   0   0   0   0   0   0   0   0   0   0   0   0   0   1
ARTS4060    0   1   0   0   0   0   0   0   0   0   0   0   0   0   0   0   0
BCBP4870    0   1   0   0   0   0   0   0   0   0   0   0   0   0   0   0   0
BIOL1010    0   0   0   0   0   0   0   0   0   0   0   0   0   0   0   1   0
BIOL2200    0   0   0   0   0   0   0   1   0   0   0   0   0   0   0   0   0
BIOL2500    0   0   1   0   0   0   0   0   0   0   0   0   0   0   0   0   0
BIOL4060    0   0   0   0   0   0   0   0   0   0   0   0   0   0   1   0   0
BIOL4260    0   0   0   0   0   0   0   0   0   0   0   0   0   0   0   0   1
BIOL4270    0   0   0   0   0   0   0   0   0   0   0   0   0   1   0   0   0
BIOL4290    0   0   0   0   0   0   0   0   0   0   0   0   1   0   0   0   0
BIOL4540    0   0   0   0   0   0   0   0   0   0   1   0   0   0   0   0   0
BIOL4630    0   0   0   1   0   0   0   0   0   0   0   0   0   0   0   0   0
BIOL4860    0   0   0   0   0   0   0   0   0   1   0   0   0   0   0   0   0
BIOL4965    1   0   0   0   0   0   0   0   0   0   0   0   0   0   0   0   0
BMED4962    0   0   0   0   0   0   1   0   0   0   0   0   0   0   0   0   0
BMED4963    0   0   0   0   0   0   0   0   0   0   0   0   0   0   0   0   0
BMED4964    0   0   0   1   0   0   0   0   0   0   0   0   0   0   0   0   0
BMED4966    0   0   0   0   0   0   0   1   0   0   0   0   0   0   0   0   0
BMED6966    0   0   1   0   0   0   0   0   0   0   0   0   0   0   0   0   0
CHEM1100    0   0   0   0   0   0   0   0   0   0   0   1   0   0   0   0   0
CHEM1110    0   0   0   0   0   0   0   0   1   0   0   0   0   0   0   0   0
CHEM2250    0   0   0   0   0   0   0   0   0   0   0   1   0   0   0   0   0
CHEM2440    0   0   0   0   0   0   0   0   1   0   0   0   0   0   0   0   0
CHEM4010    0   0   0   0   0   0   0   0   0   0   0   0   0   1   0   0   0
CHEM4530    1   0   0   0   0   0   0   0   0   0   0   0   0   0   0   0   0
CHME2010    0   0   0   0   0   0   0   0   0   0   0   0   0   0   0   0   0
CHME4030    0   0   0   1   0   0   0   0   0   0   0   0   0   0   0   0   0
CHME4040    0   1   0   0   0   0   0   0   0   0   0   0   0   0   0   0   0
CHME4430    0   0   0   0   0   0   0   0   0   0   0   0   0   0   0   0   0
CHME4500    0   0   0   0   0   0   0   0   0   0   0   1   0   0   0   0   0
CHME6610    0   1   0   0   0   0   0   0   0   0   0   0   0   0   0   0   0
CIVL2040    0   0   0   0   1   0   0   0   0   0   0   0   0   0   0   0   0
CIVL2630    0   0   0   0   0   0   1   0   0   0   0   0   0   0   0   0   0
CIVL2670    0   1   0   0   0   0   0   0   0   0   0   0   0   0   0   0   0
CIVL4070    1   0   0   0   0   0   0   0   0   0   0   0   0   0   0   0   0
CIVL4140    0   0   0   0   0   0   0   1   0   0   0   0   0   0   0   0   0
CIVL4640    0   0   0   0   0   0   0   0   0   0   0   0   0   0   1   0   0
CIVL4961    0   1   0   0   0   0   0   0   0   0   0   0   0   0   0   0   0
CIVL4962    0   0   0   0   0   0   0   0   0   0   0   1   0   0   0   0   0
CIVL6170    0   0   0   0   0   1   0   0   0   0   0   0   0   0   0   0   0
CIVL6310    0   0   0   0   0   0   0   0   0   0   0   1   0   0   0   0   0
CIVL6450    0   0   1   0   0   0   0   0   0   0   0   0   0   0   0   0   0
CIVL6510    0   0   0   0   0   0   0   0   0   0   1   0   0   0   0   0   0
COGS4964    0   0   0   0   0   0   0   0   0   0   0   0   0   0   0   0   0
COGS4965    1   0   0   0   0   0   0   0   0   0   0   0   0   0   0   0   0
COMM2960    1   0   0   0   0   0   0   0   0   0   0   0   0   0   0   0   0
CSCI1010    0   0   0   0   0   0   0   0   0   0   0   0   0   0   1   0   0
CSCI1010A   0   0   0   0   0   0   0   0   0   0   0   0   0   0   0   0   0
CSCI1100    0   0   0   0   0   0   0   0   0   0   0   0   0   0   0   0   0
CSCI1200    0   0   0   0   0   0   0   0   0   0   0   0   0   0   0   0   1
CSCI2300    0   0   0   0   0   1   0   0   0   0   0   0   0   0   0   0   0
CSCI4150    0   0   0   0   0   0   0   0   0   0   0   0   0   0   0   0   1
CSCI4210    0   0   0   0   1   0   0   0   0   0   0   0   0   0   0   0   0
CSCI4430    0   0   0   0   0   0   0   0   0   1   0   0   0   0   0   0   0
CSCI4440    0   0   0   0   0   0   0   0   0   0   1   0   0   0   0   0   0
CSCI4480    0   0   0   0   0   0   0   1   0   0   0   0   0   0   0   0   0
CSCI4800    0   0   0   0   0   0   0   1   0   0   0   0   0   0   0   0   0
CSCI4800A   0   0   0   0   0   0   0   0   0   0   0   0   1   0   0   0   0
CSCI4971    1   0   0   0   0   0   0   0   0   0   0   0   0   0   0   0   0
CSCI6800    0   0   0   0   0   0   0   0   0   0   0   0   0   0   0   0   0
ECON1200    1   0   0   0   0   0   0   0   0   0   0   0   0   0   0   0   0
ECON1200A   1   0   0   0   0   0   0   0   0   0   0   0   0   0   0   0   0
ECON2010    0   0   0   0   0   0   1   0   0   0   0   0   0   0   0   0   0
ECSE2010    0   0   0   0   0   0   0   0   0   0   0   0   1   0   0   0   0
ECSE2050    0   0   0   0   0   0   0   0   0   0   0   0   1   0   0   0   0
ECSE2100    0   0   0   0   0   0   0   0   0   0   0   0   0   1   0   0   0
ECSE2210    0   0   0   0   0   0   0   0   1   0   0   0   0   0   0   0   0
ECSE2410    0   0   0   1   0   0   0   0   0   0   0   0   0   0   0   0   0
ECSE2500    0   0   0   0   0   0   0   0   0   0   0   0   0   0   0   0   0
ECSE2610    0   0   0   0   0   0   0   0   0   0   0   0   0   0   0   0   0
ECSE4080    0   0   0   0   0   0   0   0   0   0   0   0   0   0   0   0   0
ECSE4220    0   0   0   0   0   0   0   0   0   0   0   0   0   0   0   0   0
ECSE4440    0   0   0   1   0   0   0   0   0   0   0   0   0   0   0   0   0
ECSE4520    0   0   0   0   0   0   0   1   0   0   0   0   0   0   0   0   0
ECSE4530    1   0   0   0   0   0   0   0   0   0   0   0   0   0   0   0   0
ECSE4670    0   0   0   0   0   0   0   0   0   0   0   1   0   0   0   0   0
ECSE4720    0   0   0   0   0   0   0   0   0   0   0   0   0   0   0   1   0
ECSE4750    0   0   0   0   0   0   1   0   0   0   0   0   0   0   0   0   0
ECSE4770    0   1   0   0   0   0   0   0   0   0   0   0   0   0   0   0   0
ECSE4900    0   0   1   0   0   0   0   0   0   0   0   0   0   0   0   0   0
ECSE4900A   0   1   0   0   0   0   0   0   0   0   0   0   0   0   0   0   0
ECSE4900B   0   1   0   0   0   0   0   0   0   0   0   0   0   0   0   0   0
ECSE4900C   0   0   1   0   0   0   0   0   0   0   0   0   0   0   0   0   0
ECSE4963    0   0   0   0   0   0   0   0   0   0   0   0   0   0   0   0   0
ECSE4965    0   0   0   0   0   0   0   0   0   0   0   0   0   0   1   0   0
ECSE6150    1   0   0   0   0   0   0   0   0   0   0   0   0   0   0   0   0
ECSE6400    0   0   0   0   0   0   0   0   0   0   0   0   0   0   0   0   0
ECSE6510    1   0   0   0   0   0   0   0   0   0   0   0   0   0   0   0   0
ECSE6680    0   0   0   0   1   0   0   0   0   0   0   0   0   0   0   0   0
ECSE6968    0   0   0   0   0   0   0   0   0   0   0   1   0   0   0   0   0
ENGR1100    0   0   0   0   0   0   0   1   0   0   0   0   0   0   0   0   0
ENGR1600    0   0   0   0   0   0   0   0   0   0   0   0   0   0   0   0   1
ENGR2050    0   0   1   0   0   0   0   0   0   0   0   0   0   0   0   0   0
ENGR2090    0   0   0   0   0   0   0   0   0   1   0   0   0   0   0   0   0
ENGR2250    0   0   0   0   0   0   0   0   0   0   1   0   0   0   0   0   0
ENGR2530    0   0   0   0   1   0   0   0   0   0   0   0   0   0   0   0   0
ENGR2600    0   0   0   0   0   1   0   0   0   0   0   0   0   0   0   0   0
ENGR2710    0   0   0   0   0   0   0   0   0   0   0   0   0   1   0   0   0
ENGR4710    0   0   0   0   0   0   0   0   1   0   0   0   0   0   0   0   0
ENVE2110    0   0   0   0   0   0   0   0   0   0   0   0   0   0   0   0   0
ENVE4330    0   0   0   0   0   0   0   0   1   0   0   0   0   0   0   0   0
ERTH2120    0   0   1   0   0   0   0   0   0   0   0   0   0   0   0   0   0
IHSS2610    0   0   0   0   0   0   0   0   0   0   0   0   1   0   0   0   0
ISYE4140    0   0   0   0   0   1   0   0   0   0   0   0   0   0   0   0   0
ISYE4280    0   0   0   1   0   0   0   0   0   0   0   0   0   0   0   0   0
ISYE4290    1   0   0   0   0   0   0   0   0   0   0   0   0   0   0   0   0
ISYE4530    0   0   0   0   0   0   0   0   0   0   0   0   0   0   0   0   1
ISYE4600    0   0   0   0   0   0   0   0   0   0   0   0   1   0   0   0   0
ISYE4750    0   0   0   0   0   0   1   0   0   0   0   0   0   0   0   0   0
ISYE4960    0   0   0   0   0   0   0   0   0   0   0   0   0   0   1   0   0
ISYE4961    0   0   0   0   0   0   0   0   0   0   0   1   0   0   0   0   0
ISYE6962    0   0   0   0   0   0   0   0   0   0   0   0   0   1   0   0   0
ITWS1100    0   0   1   0   0   0   0   0   0   0   0   0   0   0   0   0   0
ITWS4300    0   0   0   0   0   0   1   0   0   0   0   0   0   0   0   0   0
ITWS4310    1   0   0   0   0   0   0   0   0   0   0   0   0   0   0   0   0
MANE2400    0   0   0   0   0   0   1   0   0   0   0   0   0   0   0   0   0
MANE4010    1   0   0   0   0   0   0   0   0   0   0   0   0   0   0   0   0
MANE4010A   0   0   0   0   0   0   0   0   0   0   0   0   0   0   0   0   1
MANE4030    0   0   0   1   0   0   0   0   0   0   0   0   0   0   0   0   0
MANE4040    0   0   0   0   0   0   0   0   0   0   0   0   0   0   0   0   0
MANE4050    0   0   0   0   0   0   0   0   0   0   0   0   1   0   0   0   0
MANE4060    0   0   0   0   0   0   0   0   0   0   0   0   0   0   0   0   0
MANE4070    0   1   0   0   0   0   0   0   0   0   0   0   0   0   0   0   0
MANE4080    0   0   1   0   0   0   0   0   0   0   0   0   0   0   0   0   0
MANE4090    0   0   0   0   0   0   0   0   0   0   0   0   0   1   0   0   0
MANE4200    0   1   0   0   0   0   0   0   0   0   0   0   0   0   0   0   0
MANE4350    0   0   0   1   0   0   0   0   0   0   0   0   0   0   0   0   0
MANE4610    1   0   0   0   0   0   0   0   0   0   0   0   0   0   0   0   0
MANE4800    0   0   0   0   0   0   1   0   0   0   0   0   0   0   0   0   0
MANE6500    1   0   0   0   0   0   0   0   0   0   0   0   0   0   0   0   0
MANE6961    0   0   1   0   0   0   0   0   0   0   0   0   0   0   0   0   0
MANE6967    0   1   0   0   0   0   0   0   0   0   0   0   0   0   0   0   0
MATH1010    0   0   0   0   0   0   1   0   0   0   0   0   0   0   0   0   0
MATH1020    0   0   0   1   0   0   0   0   0   0   0   0   0   0   0   0   0
MATH1020A   0   1   0   0   0   0   0   0   0   0   0   0   0   0   0   0   0
MATH1020B   0   0   0   1   0   0   0   0   0   0   0   0   0   0   0   0   0
MATH1500    0   0   0   0   0   0   0   0   0   0   0   1   0   0   0   0   0
MATH2010    0   0   0   0   0   0   0   0   0   0   0   0   0   0   1   0   0
MATH2400    0   0   0   0   0   0   0   0   0   0   0   0   1   0   0   0   0
MATH2400A   0   0   0   1   0   0   0   0   0   0   0   0   0   0   0   0   0
MATH2400B   0   0   0   1   0   0   0   0   0   0   0   0   0   0   0   0   0
MATH2400C   0   1   0   0   0   0   0   0   0   0   0   0   0   0   0   0   0
MATH2800    0   0   0   0   0   0   0   0   1   0   0   0   0   0   0   0   0
MATH4090    0   1   0   0   0   0   0   0   0   0   0   0   0   0   0   0   0
MATH4100    0   0   0   0   0   0   0   0   0   0   0   0   0   1   0   0   0
MATH4200    0   0   0   1   0   0   0   0   0   0   0   0   0   0   0   0   0
MATH4400    0   0   0   0   0   1   0   0   0   0   0   0   0   0   0   0   0
MATH4700    0   0   0   0   0   0   0   0   1   0   0   0   0   0   0   0   0
MATH6220    0   1   0   0   0   0   0   0   0   0   0   0   0   0   0   0   0
MATH6300    0   0   0   0   0   0   0   0   0   0   0   0   0   0   0   0   0
MATH6500    0   0   0   0   0   0   0   0   0   0   1   0   0   0   0   0   0
MATH6600    0   0   0   0   0   0   0   0   0   0   0   0   0   1   0   0   0
MATH6790    1   0   0   0   0   0   0   0   0   0   0   0   0   0   0   0   0
MGMT2100    0   0   0   0   0   0   0   0   1   0   0   0   0   0   0   0   0
MGMT6040    0   0   0   0   0   0   0   0   0   0   0   0   0   0   0   0   0
MTLE4030    0   1   0   0   0   0   0   0   0   0   0   0   0   0   0   0   0
MTLE4050    1   0   0   0   0   0   0   0   0   0   0   0   0   0   0   0   0
MTLE4100    0   0   0   0   0   0   0   0   0   0   0   0   0   1   0   0   0
MTLE4200    0   0   0   0   0   0   0   0   0   0   0   1   0   0   0   0   0
MTLE4400    0   0   0   0   0   0   0   0   0   1   0   0   0   0   0   0   0
MTLE4420    0   0   0   0   0   0   0   0   0   0   0   0   0   0   0   0   1
MTLE4960    0   0   0   0   0   0   0   1   0   0   0   0   0   0   0   0   0
MTLE4961    0   0   0   0   0   0   0   0   1   0   0   0   0   0   0   0   0
MTLE6030    0   0   0   0   0   0   0   0   0   0   0   0   0   1   0   0   0
MTLE6120    0   0   0   0   0   0   0   0   0   0   0   0   0   0   0   0   0
MTLE6250    0   0   0   0   0   0   0   0   0   0   0   0   0   0   0   0   1
PHIL2140    0   0   0   0   0   0   0   0   0   0   0   0   0   0   0   0   0
PHYS1100    0   0   0   0   0   0   0   0   0   0   1   0   0   0   0   0   0
PHYS1150    0   0   0   0   0   0   0   0   0   0   1   0   0   0   0   0   0
PHYS1200    0   0   0   0   0   0   0   0   0   0   0   0   0   1   0   0   0
PHYS2110    0   0   0   0   0   0   0   1   0   0   0   0   0   0   0   0   0
PHYS2510    0   0   0   0   0   0   0   0   0   1   0   0   0   0   0   0   0
PHYS4330    0   0   0   0   0   0   0   0   0   0   0   0   0   0   1   0   0
PHYS4620    0   0   0   0   0   0   0   1   0   0   0   0   0   0   0   0   0
PHYS6210    0   0   1   0   0   0   0   0   0   0   0   0   0   0   0   0   0
PSYC1200    0   0   0   0   0   0   0   0   0   0   0   0   0   0   0   0   0
PSYC4410    0   1   0   0   0   0   0   0   0   0   0   0   0   0   0   0   0
PSYC4500    0   0   0   0   0   0   0   0   0   0   0   0   0   0   0   0   0

:         T18 T19 T20    :=
ARCH2110    0   0   0
ARCH2130    0   0   0
ARCH2330    0   0   0
ARCH2350    0   0   0
ARCH4140    0   0   0
ARCH4300    0   0   0
ARCH4300A   0   0   0
ARCH4330    0   0   0
ARCH4690    0   0   0
ARCH4931    0   0   0
ARCH4962    0   1   0
ARCH6840    0   0   0
ARTS1961    0   0   0
ARTS4060    0   0   0
BCBP4870    0   0   0
BIOL1010    0   0   0
BIOL2200    0   0   0
BIOL2500    0   0   0
BIOL4060    0   0   0
BIOL4260    0   0   0
BIOL4270    0   0   0
BIOL4290    0   0   0
BIOL4540    0   0   0
BIOL4630    0   0   0
BIOL4860    0   0   0
BIOL4965    0   0   0
BMED4962    0   0   0
BMED4963    0   1   0
BMED4964    0   0   0
BMED4966    0   0   0
BMED6966    0   0   0
CHEM1100    0   0   0
CHEM1110    0   0   0
CHEM2250    0   0   0
CHEM2440    0   0   0
CHEM4010    0   0   0
CHEM4530    0   0   0
CHME2010    1   0   0
CHME4030    0   0   0
CHME4040    0   0   0
CHME4430    0   0   1
CHME4500    0   0   0
CHME6610    0   0   0
CIVL2040    0   0   0
CIVL2630    0   0   0
CIVL2670    0   0   0
CIVL4070    0   0   0
CIVL4140    0   0   0
CIVL4640    0   0   0
CIVL4961    0   0   0
CIVL4962    0   0   0
CIVL6170    0   0   0
CIVL6310    0   0   0
CIVL6450    0   0   0
CIVL6510    0   0   0
COGS4964    1   0   0
COGS4965    0   0   0
COMM2960    0   0   0
CSCI1010    0   0   0
CSCI1010A   0   0   1
CSCI1100    0   1   0
CSCI1200    0   0   0
CSCI2300    0   0   0
CSCI4150    0   0   0
CSCI4210    0   0   0
CSCI4430    0   0   0
CSCI4440    0   0   0
CSCI4480    0   0   0
CSCI4800    0   0   0
CSCI4800A   0   0   0
CSCI4971    0   0   0
CSCI6800    1   0   0
ECON1200    0   0   0
ECON1200A   0   0   0
ECON2010    0   0   0
ECSE2010    0   0   0
ECSE2050    0   0   0
ECSE2100    0   0   0
ECSE2210    0   0   0
ECSE2410    0   0   0
ECSE2500    0   1   0
ECSE2610    1   0   0
ECSE4080    0   0   1
ECSE4220    1   0   0
ECSE4440    0   0   0
ECSE4520    0   0   0
ECSE4530    0   0   0
ECSE4670    0   0   0
ECSE4720    0   0   0
ECSE4750    0   0   0
ECSE4770    0   0   0
ECSE4900    0   0   0
ECSE4900A   0   0   0
ECSE4900B   0   0   0
ECSE4900C   0   0   0
ECSE4963    1   0   0
ECSE4965    0   0   0
ECSE6150    0   0   0
ECSE6400    0   1   0
ECSE6510    0   0   0
ECSE6680    0   0   0
ECSE6968    0   0   0
ENGR1100    0   0   0
ENGR1600    0   0   0
ENGR2050    0   0   0
ENGR2090    0   0   0
ENGR2250    0   0   0
ENGR2530    0   0   0
ENGR2600    0   0   0
ENGR2710    0   0   0
ENGR4710    0   0   0
ENVE2110    1   0   0
ENVE4330    0   0   0
ERTH2120    0   0   0
IHSS2610    0   0   0
ISYE4140    0   0   0
ISYE4280    0   0   0
ISYE4290    0   0   0
ISYE4530    0   0   0
ISYE4600    0   0   0
ISYE4750    0   0   0
ISYE4960    0   0   0
ISYE4961    0   0   0
ISYE6962    0   0   0
ITWS1100    0   0   0
ITWS4300    0   0   0
ITWS4310    0   0   0
MANE2400    0   0   0
MANE4010    0   0   0
MANE4010A   0   0   0
MANE4030    0   0   0
MANE4040    1   0   0
MANE4050    0   0   0
MANE4060    0   1   0
MANE4070    0   0   0
MANE4080    0   0   0
MANE4090    0   0   0
MANE4200    0   0   0
MANE4350    0   0   0
MANE4610    0   0   0
MANE4800    0   0   0
MANE6500    0   0   0
MANE6961    0   0   0
MANE6967    0   0   0
MATH1010    0   0   0
MATH1020    0   0   0
MATH1020A   0   0   0
MATH1020B   0   0   0
MATH1500    0   0   0
MATH2010    0   0   0
MATH2400    0   0   0
MATH2400A   0   0   0
MATH2400B   0   0   0
MATH2400C   0   0   0
MATH2800    0   0   0
MATH4090    0   0   0
MATH4100    0   0   0
MATH4200    0   0   0
MATH4400    0   0   0
MATH4700    0   0   0
MATH6220    0   0   0
MATH6300    0   0   1
MATH6500    0   0   0
MATH6600    0   0   0
MATH6790    0   0   0
MGMT2100    0   0   0
MGMT6040    1   0   0
MTLE4030    0   0   0
MTLE4050    0   0   0
MTLE4100    0   0   0
MTLE4200    0   0   0
MTLE4400    0   0   0
MTLE4420    0   0   0
MTLE4960    0   0   0
MTLE4961    0   0   0
MTLE6030    0   0   0
MTLE6120    1   0   0
MTLE6250    0   0   0
PHIL2140    1   0   0
PHYS1100    0   0   0
PHYS1150    0   0   0
PHYS1200    0   0   0
PHYS2110    0   0   0
PHYS2510    0   0   0
PHYS4330    0   0   0
PHYS4620    0   0   0
PHYS6210    0   0   0
PSYC1200    0   0   1
PSYC4410    0   0   0
PSYC4500    0   0   1
;
